INFO [2014-11-14 15:56:25] Beginning classification analysis of equifinality-3 data sets for combined tasampled with hidden duration
INFO [2014-11-14 15:56:25] Number of cores used in analysis: 4
INFO [2014-11-14 15:56:26] Loaded data file: /Users/mark/local-research/diss/experiments/experiment-ctmixtures/equifinality-3/equifinality-3-ta-sampled-data.rda
INFO [2014-11-14 15:56:26] RNG seed to replicate this analysis: 23581321
INFO [2014-11-14 15:56:26] Starting analysis of combined tasampled data
INFO [2014-11-14 15:56:48] Beginning classification analysis of equifinality-3 data sets for combined tasampled with hidden duration
INFO [2014-11-14 15:56:48] Number of cores used in analysis: 4
INFO [2014-11-14 15:56:49] Loaded data file: /Users/mark/local-research/diss/experiments/experiment-ctmixtures/equifinality-3/equifinality-3-ta-sampled-data.rda
INFO [2014-11-14 15:56:49] RNG seed to replicate this analysis: 23581321
INFO [2014-11-14 15:56:49] Starting analysis of combined tasampled data
INFO [2014-11-14 17:29:51] Saving results of analysis to R environment snapshot: /Users/mark/local-research/diss/experiments/experiment-ctmixtures/equifinality-3/classification-combined-tassize-results-gbm.RData
INFO [2014-11-14 17:32:20] Analysis complete
INFO [2014-11-15 11:31:06] Beginning classification analysis of equifinality-3 data sets for combined tasampled with hidden duration
INFO [2014-11-15 11:31:06] Number of cores used in analysis: 4
INFO [2014-11-15 11:31:07] Loaded data file: /Users/mark/local-research/diss/experiments/experiment-ctmixtures/equifinality-3/equifinality-3-ta-sampled-data.rda
INFO [2014-11-15 11:31:07] RNG seed to replicate this analysis: 23581321
INFO [2014-11-15 11:31:07] Starting analysis of combined tasampled data
INFO [2014-11-15 11:37:31] Beginning classification analysis of equifinality-3 data sets for combined tasampled with hidden duration
INFO [2014-11-15 11:37:31] Number of cores used in analysis: 4
INFO [2014-11-15 11:37:31] Loaded data file: /Users/mark/local-research/diss/experiments/experiment-ctmixtures/equifinality-3/equifinality-3-ta-sampled-data.rda
INFO [2014-11-15 11:37:31] RNG seed to replicate this analysis: 23581321
INFO [2014-11-15 11:37:31] Starting analysis of combined tasampled data
INFO [2014-11-15 11:37:36] Analysis complete
INFO [2014-11-15 11:38:09] Beginning classification analysis of equifinality-3 data sets for combined tasampled with hidden duration
INFO [2014-11-15 11:38:09] Number of cores used in analysis: 4
INFO [2014-11-15 11:38:09] Loaded data file: /Users/mark/Dropbox/Research/projects/coarsegraining/experiment-ctmixtures/analysis/equifinality-3/equifinality-3-ta-sampled-data.rda
INFO [2014-11-15 11:38:09] RNG seed to replicate this analysis: 23581321
INFO [2014-11-15 11:38:09] Starting analysis of combined tasampled data
INFO [2014-11-15 11:38:09] Analysis complete
INFO [2014-11-15 11:38:33] Beginning classification analysis of equifinality-3 data sets for combined tasampled with hidden duration
INFO [2014-11-15 11:38:33] Number of cores used in analysis: 4
INFO [2014-11-15 11:38:33] Loaded data file: /Users/mark/local-research/diss/experiments/experiment-ctmixtures/equifinality-3/equifinality-3-ta-sampled-data.rda
INFO [2014-11-15 11:38:33] RNG seed to replicate this analysis: 23581321
INFO [2014-11-15 11:38:33] Starting analysis of combined tasampled data
INFO [2014-11-15 11:38:34] Analysis complete
INFO [2014-11-15 11:39:16] Beginning classification analysis of equifinality-3 data sets for combined tasampled with hidden duration
INFO [2014-11-15 11:39:16] Number of cores used in analysis: 4
INFO [2014-11-15 11:39:16] Loaded data file: /Users/mark/local-research/diss/experiments/experiment-ctmixtures/equifinality-3/equifinality-3-ta-sampled-data.rda
INFO [2014-11-15 11:39:16] RNG seed to replicate this analysis: 23581321
INFO [2014-11-15 11:39:16] Starting analysis of combined tasampled data
INFO [2014-11-15 11:46:48] Analysis complete
INFO [2014-11-15 14:37:45] Saving results of analysis to R environment snapshot: /Users/mark/local-research/diss/experiments/experiment-ctmixtures/equifinality-3/classification-combined-tassize-results-gbm.RData
INFO [2014-11-15 16:11:39] Beginning classification analysis of equifinality-3 data sets for combined tasampled with hidden duration
INFO [2014-11-15 16:11:39] Number of cores used in analysis: 4
INFO [2014-11-15 16:11:40] Loaded data file: /Users/mark/local-research/diss/experiments/experiment-ctmixtures/equifinality-3/equifinality-3-ta-sampled-data.rda
INFO [2014-11-15 16:11:40] RNG seed to replicate this analysis: 23581321
INFO [2014-11-15 16:11:40] Starting analysis of combined tasampled data
INFO [2014-11-15 16:17:40] Saving results of analysis to R environment snapshot: /Users/mark/local-research/diss/experiments/experiment-ctmixtures/equifinality-3/classification-combined-tassize-results-gbm.RData
INFO [2014-11-15 16:18:05] Analysis complete
