INFO [2014-11-10 08:24:55] Beginning classification analysis of TA sampled equifinality-3 data sets
INFO [2014-11-10 08:24:55] Number of cores used in analysis: 8
INFO [2014-11-10 08:24:58] Loaded data file: /Users/mark/local-research/diss/experiments/experiment-ctmixtures/equifinality-3/equifinality-3-ta-sampled-data.rda
INFO [2014-11-10 08:24:58] RNG seed to replicate this analysis: 23581321
INFO [2014-11-10 08:24:58] Tuning random forest parameter mtry using vals: 2
INFO [2014-11-10 08:24:58] Tuning random forest parameter mtry using vals: 4
INFO [2014-11-10 08:24:58] Tuning random forest parameter mtry using vals: 6
INFO [2014-11-10 08:24:58] Tuning random forest parameter mtry using vals: 8
INFO [2014-11-10 08:24:58] Tuning random forest parameter mtry using vals: 10
INFO [2014-11-10 08:24:58] Tuning random forest parameter mtry using vals: 12
INFO [2014-11-10 08:24:58] Tuning performed by CV, 10 folds 
INFO [2014-11-10 14:13:05] Beginning classification analysis of TA sampled equifinality-3 data sets
INFO [2014-11-10 14:13:05] Number of cores used in analysis: 8
INFO [2014-11-10 14:13:07] Loaded data file: /Users/mark/local-research/diss/experiments/experiment-ctmixtures/equifinality-3/equifinality-3-ta-sampled-data.rda
INFO [2014-11-10 14:13:07] RNG seed to replicate this analysis: 23581321
INFO [2014-11-10 14:13:07] Tuning random forest parameter mtry using vals: 2
INFO [2014-11-10 14:13:07] Tuning random forest parameter mtry using vals: 6
INFO [2014-11-10 14:13:07] Tuning random forest parameter mtry using vals: 10
INFO [2014-11-10 14:13:07] Tuning random forest parameter mtry using vals: 14
INFO [2014-11-10 14:13:07] Tuning random forest parameter mtry using vals: 18
INFO [2014-11-10 14:13:07] Tuning performed by CV, 10 folds 
INFO [2014-11-10 23:41:31] Beginning classification analysis of TA sampled equifinality-3 data sets
INFO [2014-11-10 23:41:31] Number of cores used in analysis: 8
INFO [2014-11-10 23:41:31] Loaded data file: /Users/mark/Dropbox/Research/projects/coarsegraining/experiment-ctmixtures/analysis/equifinality-3/equifinality-3-ta-sampled-data.rda
INFO [2014-11-10 23:41:31] RNG seed to replicate this analysis: 23581321
INFO [2014-11-10 23:41:31] Tuning random forest parameter mtry using vals: 2
INFO [2014-11-10 23:41:31] Tuning random forest parameter mtry using vals: 6
INFO [2014-11-10 23:41:31] Tuning random forest parameter mtry using vals: 10
INFO [2014-11-10 23:41:31] Tuning random forest parameter mtry using vals: 14
INFO [2014-11-10 23:41:31] Tuning random forest parameter mtry using vals: 18
INFO [2014-11-10 23:41:31] Tuning performed by CV, 10 folds 
INFO [2014-11-11 11:54:36] Loaded data file: /Users/mark/local-research/diss/experiments/experiment-ctmixtures/equifinality-3/equifinality-3-ta-sampled-data.rda
INFO [2014-11-11 11:54:45] RNG seed to replicate this analysis: 23581321
INFO [2014-11-11 11:54:56] Tuning random forest parameter mtry using vals: 2
INFO [2014-11-11 11:54:56] Tuning random forest parameter mtry using vals: 6
INFO [2014-11-11 11:54:56] Tuning random forest parameter mtry using vals: 10
INFO [2014-11-11 11:54:56] Tuning random forest parameter mtry using vals: 14
INFO [2014-11-11 11:54:56] Tuning random forest parameter mtry using vals: 18
INFO [2014-11-11 11:54:56] Tuning performed by CV, 10 folds 
INFO [2014-11-11 17:06:56] Beginning classification analysis of TA sampled equifinality-3 data sets
INFO [2014-11-11 17:06:56] Number of cores used in analysis: 8
INFO [2014-11-11 17:06:56] Loaded data file: /Users/mark/Dropbox/Research/projects/coarsegraining/experiment-ctmixtures/analysis/equifinality-3/equifinality-3-ta-sampled-data.rda
INFO [2014-11-11 17:06:56] RNG seed to replicate this analysis: 23581321
INFO [2014-11-11 17:06:56] Tuning random forest parameter mtry using vals: 2
INFO [2014-11-11 17:06:56] Tuning random forest parameter mtry using vals: 6
INFO [2014-11-11 17:06:56] Tuning random forest parameter mtry using vals: 10
INFO [2014-11-11 17:06:56] Tuning random forest parameter mtry using vals: 14
INFO [2014-11-11 17:06:56] Tuning random forest parameter mtry using vals: 18
INFO [2014-11-11 17:06:56] Tuning performed by CV, 10 folds 
INFO [2014-11-11 17:07:59] Beginning classification analysis of TA sampled equifinality-3 data sets
INFO [2014-11-11 17:07:59] Number of cores used in analysis: 8
INFO [2014-11-11 17:07:59] Loaded data file: /Users/mark/local-research/diss/experiments/experiment-ctmixtures/equifinality-3/equifinality-3-ta-sampled-data.rda
INFO [2014-11-11 17:07:59] RNG seed to replicate this analysis: 23581321
INFO [2014-11-11 17:07:59] Tuning random forest parameter mtry using vals: 2
INFO [2014-11-11 17:07:59] Tuning random forest parameter mtry using vals: 6
INFO [2014-11-11 17:07:59] Tuning random forest parameter mtry using vals: 10
INFO [2014-11-11 17:07:59] Tuning random forest parameter mtry using vals: 14
INFO [2014-11-11 17:07:59] Tuning random forest parameter mtry using vals: 18
INFO [2014-11-11 17:07:59] Tuning performed by CV, 10 folds 
INFO [2014-11-11 17:09:06] RNG seed to replicate this analysis: 23581321
INFO [2014-11-11 17:09:06] Tuning random forest parameter mtry using vals: 2
INFO [2014-11-11 17:09:06] Tuning random forest parameter mtry using vals: 6
INFO [2014-11-11 17:09:06] Tuning random forest parameter mtry using vals: 10
INFO [2014-11-11 17:09:06] Tuning random forest parameter mtry using vals: 14
INFO [2014-11-11 17:09:06] Tuning random forest parameter mtry using vals: 18
INFO [2014-11-11 17:09:06] Tuning performed by CV, 10 folds 
INFO [2014-11-11 17:10:09] RNG seed to replicate this analysis: 23581321
INFO [2014-11-11 17:10:09] Tuning random forest parameter mtry using vals: 2
INFO [2014-11-11 17:10:09] Tuning random forest parameter mtry using vals: 6
INFO [2014-11-11 17:10:09] Tuning random forest parameter mtry using vals: 10
INFO [2014-11-11 17:10:09] Tuning random forest parameter mtry using vals: 14
INFO [2014-11-11 17:10:09] Tuning random forest parameter mtry using vals: 18
INFO [2014-11-11 17:10:09] Tuning performed by CV, 10 folds 
INFO [2014-11-13 08:55:47] Beginning classification analysis of TA sampled equifinality-3 data sets
INFO [2014-11-13 08:55:47] Number of cores used in analysis: 8
INFO [2014-11-13 08:55:49] Loaded data file: /Users/mark/local-research/diss/experiments/experiment-ctmixtures/equifinality-3/equifinality-3-ta-sampled-data.rda
INFO [2014-11-13 08:55:49] RNG seed to replicate this analysis: 23581321
INFO [2014-11-13 08:55:49] Tuning random forest parameter mtry using vals: 2
INFO [2014-11-13 08:55:49] Tuning random forest parameter mtry using vals: 6
INFO [2014-11-13 08:55:49] Tuning random forest parameter mtry using vals: 10
INFO [2014-11-13 08:55:49] Tuning random forest parameter mtry using vals: 14
INFO [2014-11-13 08:55:49] Tuning random forest parameter mtry using vals: 18
INFO [2014-11-13 08:55:49] Tuning performed by CV, 10 folds 
INFO [2014-11-13 08:55:50] Saving results of analysis to R environment snapshot: /Users/mark/local-research/diss/experiments/experiment-ctmixtures/equifinality-3/classification-ta-sampled-results.RData
INFO [2014-11-13 08:55:59] Analysis complete
INFO [2014-11-13 08:56:38] Beginning classification analysis of TA sampled equifinality-3 data sets
INFO [2014-11-13 08:56:38] Number of cores used in analysis: 8
INFO [2014-11-13 08:56:38] Loaded data file: /Users/mark/local-research/diss/experiments/experiment-ctmixtures/equifinality-3/equifinality-3-ta-sampled-data.rda
INFO [2014-11-13 08:56:38] RNG seed to replicate this analysis: 23581321
INFO [2014-11-13 08:56:38] Tuning random forest parameter mtry using vals: 2
INFO [2014-11-13 08:56:38] Tuning random forest parameter mtry using vals: 6
INFO [2014-11-13 08:56:38] Tuning random forest parameter mtry using vals: 10
INFO [2014-11-13 08:56:38] Tuning random forest parameter mtry using vals: 14
INFO [2014-11-13 08:56:38] Tuning random forest parameter mtry using vals: 18
INFO [2014-11-13 08:56:38] Tuning performed by CV, 10 folds 
INFO [2014-11-13 08:57:08] Saving results of analysis to R environment snapshot: /Users/mark/local-research/diss/experiments/experiment-ctmixtures/equifinality-3/classification-ta-sampled-results.RData
INFO [2014-11-13 08:57:17] Analysis complete
INFO [2014-11-13 08:58:31] Beginning classification analysis of TA sampled equifinality-3 data sets
INFO [2014-11-13 08:58:31] Number of cores used in analysis: 8
INFO [2014-11-13 08:58:32] Loaded data file: /Users/mark/local-research/diss/experiments/experiment-ctmixtures/equifinality-3/equifinality-3-ta-sampled-data.rda
INFO [2014-11-13 08:58:32] RNG seed to replicate this analysis: 23581321
INFO [2014-11-13 08:58:32] Tuning random forest parameter mtry using vals: 2
INFO [2014-11-13 08:58:32] Tuning random forest parameter mtry using vals: 6
INFO [2014-11-13 08:58:32] Tuning random forest parameter mtry using vals: 10
INFO [2014-11-13 08:58:32] Tuning random forest parameter mtry using vals: 14
INFO [2014-11-13 08:58:32] Tuning random forest parameter mtry using vals: 18
INFO [2014-11-13 08:58:32] Tuning performed by CV, 10 folds 
INFO [2014-11-13 08:59:01] Analysis complete
INFO [2014-11-13 09:00:03] Beginning classification analysis of TA sampled equifinality-3 data sets
INFO [2014-11-13 09:00:03] Number of cores used in analysis: 8
INFO [2014-11-13 09:00:03] Loaded data file: /Users/mark/local-research/diss/experiments/experiment-ctmixtures/equifinality-3/equifinality-3-ta-sampled-data.rda
INFO [2014-11-13 09:00:03] RNG seed to replicate this analysis: 23581321
INFO [2014-11-13 09:00:03] Tuning random forest parameter mtry using vals: 2
INFO [2014-11-13 09:00:03] Tuning random forest parameter mtry using vals: 6
INFO [2014-11-13 09:00:03] Tuning random forest parameter mtry using vals: 10
INFO [2014-11-13 09:00:03] Tuning random forest parameter mtry using vals: 14
INFO [2014-11-13 09:00:03] Tuning random forest parameter mtry using vals: 18
INFO [2014-11-13 09:00:03] Tuning performed by CV, 10 folds 
INFO [2014-11-13 09:01:08] Analysis complete
INFO [2014-11-13 09:02:18] Beginning classification analysis of TA sampled equifinality-3 data sets
INFO [2014-11-13 09:02:18] Number of cores used in analysis: 8
INFO [2014-11-13 09:02:18] Loaded data file: /Users/mark/local-research/diss/experiments/experiment-ctmixtures/equifinality-3/equifinality-3-ta-sampled-data.rda
INFO [2014-11-13 09:02:18] RNG seed to replicate this analysis: 23581321
INFO [2014-11-13 09:02:18] Tuning random forest parameter mtry using vals: 2
INFO [2014-11-13 09:02:18] Tuning random forest parameter mtry using vals: 6
INFO [2014-11-13 09:02:18] Tuning random forest parameter mtry using vals: 10
INFO [2014-11-13 09:02:18] Tuning random forest parameter mtry using vals: 14
INFO [2014-11-13 09:02:18] Tuning random forest parameter mtry using vals: 18
INFO [2014-11-13 09:02:18] Tuning performed by CV, 10 folds 
INFO [2014-11-13 09:04:30] Analysis complete
INFO [2014-11-13 09:09:16] Beginning classification analysis of TA sampled equifinality-3 data sets
INFO [2014-11-13 09:09:16] Number of cores used in analysis: 8
INFO [2014-11-13 09:09:17] Loaded data file: /Users/mark/local-research/diss/experiments/experiment-ctmixtures/equifinality-3/equifinality-3-ta-sampled-data.rda
INFO [2014-11-13 09:09:17] RNG seed to replicate this analysis: 23581321
INFO [2014-11-13 09:09:17] Tuning random forest parameter mtry using vals: 2
INFO [2014-11-13 09:09:17] Tuning random forest parameter mtry using vals: 6
INFO [2014-11-13 09:09:17] Tuning random forest parameter mtry using vals: 10
INFO [2014-11-13 09:09:17] Tuning random forest parameter mtry using vals: 14
INFO [2014-11-13 09:09:17] Tuning random forest parameter mtry using vals: 18
INFO [2014-11-13 09:09:17] Tuning performed by CV, 10 folds 
INFO [2014-11-13 09:10:24] Analysis complete
INFO [2014-11-13 14:24:04] Beginning classification analysis of TA sampled equifinality-3 data sets
INFO [2014-11-13 14:24:04] Number of cores used in analysis: 4
INFO [2014-11-13 14:24:07] Loaded data file: /Users/mark/local-research/diss/experiments/experiment-ctmixtures/equifinality-3/equifinality-3-ta-sampled-data.rda
INFO [2014-11-13 14:24:07] RNG seed to replicate this analysis: 23581321
INFO [2014-11-13 15:11:54] Saving results of analysis to R environment snapshot: /Users/mark/local-research/diss/experiments/experiment-ctmixtures/equifinality-3/classification-ta-sampled-results.RData
INFO [2014-11-13 15:12:25] Analysis complete
INFO [2014-11-13 15:13:31] Saving results of analysis to R environment snapshot: /Users/mark/local-research/diss/experiments/experiment-ctmixtures/equifinality-3/classification-ta-sampled-results-gbm.RData
